0 info it worked if it ends with ok
1 verbose cli [ '/Users/dev/.nvm/versions/node/v5.3.0/bin/node',
1 verbose cli   '/Users/dev/.nvm/versions/node/v5.3.0/bin/npm',
1 verbose cli   'install',
1 verbose cli   'install',
1 verbose cli   'reflect-metadata',
1 verbose cli   'zone.js',
1 verbose cli   '--save' ]
2 info using npm@2.14.15
3 info using node@v5.3.0
4 verbose install initial load of /Users/dev/Sites/bd_2016/apps/web/package.json
5 warn package.json bd_web@1.0.0 No repository field.
6 warn package.json bd_web@1.0.0 No README data
7 verbose installManyTop reading scoped package data from /Users/dev/Sites/bd_2016/apps/web/node_modules/angular2/package.json
8 verbose installManyTop reading scoped package data from /Users/dev/Sites/bd_2016/apps/web/node_modules/babel-core/package.json
9 verbose installManyTop reading scoped package data from /Users/dev/Sites/bd_2016/apps/web/node_modules/babel-loader/package.json
10 verbose installManyTop reading scoped package data from /Users/dev/Sites/bd_2016/apps/web/node_modules/babel-preset-es2015/package.json
11 verbose installManyTop reading scoped package data from /Users/dev/Sites/bd_2016/apps/web/node_modules/es6-promise/package.json
12 verbose installManyTop reading scoped package data from /Users/dev/Sites/bd_2016/apps/web/node_modules/es6-shim/package.json
13 verbose installManyTop reading scoped package data from /Users/dev/Sites/bd_2016/apps/web/node_modules/reflect-metadata/package.json
14 verbose installManyTop reading scoped package data from /Users/dev/Sites/bd_2016/apps/web/node_modules/rxjs/package.json
15 verbose installManyTop reading scoped package data from /Users/dev/Sites/bd_2016/apps/web/node_modules/ts-loader/package.json
16 verbose installManyTop reading scoped package data from /Users/dev/Sites/bd_2016/apps/web/node_modules/typescript/package.json
17 verbose installManyTop reading scoped package data from /Users/dev/Sites/bd_2016/apps/web/node_modules/webpack/package.json
18 verbose installManyTop reading scoped package data from /Users/dev/Sites/bd_2016/apps/web/node_modules/zone.js/package.json
19 verbose readDependencies loading dependencies from /Users/dev/Sites/bd_2016/apps/web/package.json
20 silly cache add args [ 'install', null ]
21 verbose cache add spec install
22 verbose install reflect-metadata is installed as 0.1.2
23 silly cache add args [ 'reflect-metadata@^0.1.2', null ]
24 verbose cache add spec reflect-metadata@^0.1.2
25 verbose install zone.js is installed as 0.5.14
26 silly cache add args [ 'zone.js@^0.5.14', null ]
27 verbose cache add spec zone.js@^0.5.14
28 silly cache add parsed spec Result {
28 silly cache add   raw: 'reflect-metadata@^0.1.2',
28 silly cache add   scope: null,
28 silly cache add   name: 'reflect-metadata',
28 silly cache add   rawSpec: '^0.1.2',
28 silly cache add   spec: '>=0.1.2 <0.2.0',
28 silly cache add   type: 'range' }
29 silly addNamed reflect-metadata@>=0.1.2 <0.2.0
30 verbose addNamed ">=0.1.2 <0.2.0" is a valid semver range for reflect-metadata
31 silly addNameRange { name: 'reflect-metadata',
31 silly addNameRange   range: '>=0.1.2 <0.2.0',
31 silly addNameRange   hasData: false }
32 silly mapToRegistry name reflect-metadata
33 silly mapToRegistry using default registry
34 silly mapToRegistry registry https://registry.npmjs.org/
35 silly mapToRegistry uri https://registry.npmjs.org/reflect-metadata
36 verbose addNameRange registry:https://registry.npmjs.org/reflect-metadata not in flight; fetching
37 silly cache add parsed spec Result {
37 silly cache add   raw: 'zone.js@^0.5.14',
37 silly cache add   scope: null,
37 silly cache add   name: 'zone.js',
37 silly cache add   rawSpec: '^0.5.14',
37 silly cache add   spec: '>=0.5.14 <0.6.0',
37 silly cache add   type: 'range' }
38 silly addNamed zone.js@>=0.5.14 <0.6.0
39 verbose addNamed ">=0.5.14 <0.6.0" is a valid semver range for zone.js
40 silly addNameRange { name: 'zone.js', range: '>=0.5.14 <0.6.0', hasData: false }
41 silly mapToRegistry name zone.js
42 silly mapToRegistry using default registry
43 silly mapToRegistry registry https://registry.npmjs.org/
44 silly mapToRegistry uri https://registry.npmjs.org/zone.js
45 verbose addNameRange registry:https://registry.npmjs.org/zone.js not in flight; fetching
46 silly cache add parsed spec Result {
46 silly cache add   raw: 'install',
46 silly cache add   scope: null,
46 silly cache add   name: 'install',
46 silly cache add   rawSpec: '',
46 silly cache add   spec: 'latest',
46 silly cache add   type: 'tag' }
47 silly addNamed install@latest
48 verbose addNamed "latest" is being treated as a dist-tag for install
49 info addNameTag [ 'install', 'latest' ]
50 silly mapToRegistry name install
51 silly mapToRegistry using default registry
52 silly mapToRegistry registry https://registry.npmjs.org/
53 silly mapToRegistry uri https://registry.npmjs.org/install
54 verbose addNameTag registry:https://registry.npmjs.org/install not in flight; fetching
55 verbose request uri https://registry.npmjs.org/install
56 verbose request no auth needed
57 info attempt registry request try #1 at 4:32:46 PM
58 verbose request id 23747e3e02fd33df
59 http request GET https://registry.npmjs.org/install
60 verbose request uri https://registry.npmjs.org/reflect-metadata
61 verbose request no auth needed
62 info attempt registry request try #1 at 4:32:46 PM
63 verbose etag "ALR0H8W23JMSDAF0WMBCAYP5O"
64 http request GET https://registry.npmjs.org/reflect-metadata
65 verbose request uri https://registry.npmjs.org/zone.js
66 verbose request no auth needed
67 info attempt registry request try #1 at 4:32:46 PM
68 verbose etag "1EB8YKG54ISBOE4J8OZ13T49Q"
69 http request GET https://registry.npmjs.org/zone.js
70 http 304 https://registry.npmjs.org/zone.js
71 verbose headers { date: 'Fri, 12 Feb 2016 16:32:46 GMT',
71 verbose headers   via: '1.1 varnish',
71 verbose headers   'cache-control': 'max-age=300',
71 verbose headers   etag: '"1EB8YKG54ISBOE4J8OZ13T49Q"',
71 verbose headers   age: '253',
71 verbose headers   connection: 'keep-alive',
71 verbose headers   'x-served-by': 'cache-ams4145-AMS',
71 verbose headers   'x-cache': 'HIT',
71 verbose headers   'x-cache-hits': '1',
71 verbose headers   'x-timer': 'S1455294766.462517,VS0,VE0',
71 verbose headers   vary: 'Accept' }
72 silly get cb [ 304,
72 silly get   { date: 'Fri, 12 Feb 2016 16:32:46 GMT',
72 silly get     via: '1.1 varnish',
72 silly get     'cache-control': 'max-age=300',
72 silly get     etag: '"1EB8YKG54ISBOE4J8OZ13T49Q"',
72 silly get     age: '253',
72 silly get     connection: 'keep-alive',
72 silly get     'x-served-by': 'cache-ams4145-AMS',
72 silly get     'x-cache': 'HIT',
72 silly get     'x-cache-hits': '1',
72 silly get     'x-timer': 'S1455294766.462517,VS0,VE0',
72 silly get     vary: 'Accept' } ]
73 verbose etag https://registry.npmjs.org/zone.js from cache
74 verbose get saving zone.js to /Users/dev/.npm/registry.npmjs.org/zone.js/.cache.json
75 http 304 https://registry.npmjs.org/reflect-metadata
76 verbose headers { date: 'Fri, 12 Feb 2016 16:32:46 GMT',
76 verbose headers   via: '1.1 varnish',
76 verbose headers   'cache-control': 'max-age=300',
76 verbose headers   etag: '"ALR0H8W23JMSDAF0WMBCAYP5O"',
76 verbose headers   age: '252',
76 verbose headers   connection: 'keep-alive',
76 verbose headers   'x-served-by': 'cache-ams4126-AMS',
76 verbose headers   'x-cache': 'HIT',
76 verbose headers   'x-cache-hits': '1',
76 verbose headers   'x-timer': 'S1455294766.463637,VS0,VE0',
76 verbose headers   vary: 'Accept' }
77 silly get cb [ 304,
77 silly get   { date: 'Fri, 12 Feb 2016 16:32:46 GMT',
77 silly get     via: '1.1 varnish',
77 silly get     'cache-control': 'max-age=300',
77 silly get     etag: '"ALR0H8W23JMSDAF0WMBCAYP5O"',
77 silly get     age: '252',
77 silly get     connection: 'keep-alive',
77 silly get     'x-served-by': 'cache-ams4126-AMS',
77 silly get     'x-cache': 'HIT',
77 silly get     'x-cache-hits': '1',
77 silly get     'x-timer': 'S1455294766.463637,VS0,VE0',
77 silly get     vary: 'Accept' } ]
78 verbose etag https://registry.npmjs.org/reflect-metadata from cache
79 verbose get saving reflect-metadata to /Users/dev/.npm/registry.npmjs.org/reflect-metadata/.cache.json
80 silly addNameRange number 2 { name: 'reflect-metadata',
80 silly addNameRange   range: '>=0.1.2 <0.2.0',
80 silly addNameRange   hasData: true }
81 silly addNameRange versions [ 'reflect-metadata',
81 silly addNameRange   [ '0.0.2', '0.0.3', '0.1.0', '0.1.1', '0.1.2', '0.1.3' ] ]
82 silly addNamed reflect-metadata@0.1.3
83 verbose addNamed "0.1.3" is a plain semver version for reflect-metadata
84 silly addNameRange number 2 { name: 'zone.js', range: '>=0.5.14 <0.6.0', hasData: true }
85 silly addNameRange versions [ 'zone.js',
85 silly addNameRange   [ '0.1.0',
85 silly addNameRange     '0.1.1',
85 silly addNameRange     '0.2.0',
85 silly addNameRange     '0.2.1',
85 silly addNameRange     '0.2.3',
85 silly addNameRange     '0.2.2',
85 silly addNameRange     '0.2.4',
85 silly addNameRange     '0.3.0',
85 silly addNameRange     '0.4.0',
85 silly addNameRange     '0.4.1',
85 silly addNameRange     '0.4.2',
85 silly addNameRange     '0.4.3',
85 silly addNameRange     '0.4.4',
85 silly addNameRange     '0.5.0',
85 silly addNameRange     '0.5.1',
85 silly addNameRange     '0.5.2',
85 silly addNameRange     '0.5.3',
85 silly addNameRange     '0.5.4',
85 silly addNameRange     '0.5.5',
85 silly addNameRange     '0.5.6',
85 silly addNameRange     '0.5.7',
85 silly addNameRange     '0.5.8',
85 silly addNameRange     '0.5.9',
85 silly addNameRange     '0.5.10',
85 silly addNameRange     '0.5.11',
85 silly addNameRange     '0.5.12',
85 silly addNameRange     '0.5.13',
85 silly addNameRange     '0.5.14' ] ]
86 silly addNamed zone.js@0.5.14
87 verbose addNamed "0.5.14" is a plain semver version for zone.js
88 silly mapToRegistry name reflect-metadata
89 silly mapToRegistry using default registry
90 silly mapToRegistry registry https://registry.npmjs.org/
91 silly mapToRegistry uri https://registry.npmjs.org/reflect-metadata
92 verbose addRemoteTarball https://registry.npmjs.org/reflect-metadata/-/reflect-metadata-0.1.3.tgz not in flight; adding
93 verbose addRemoteTarball [ 'https://registry.npmjs.org/reflect-metadata/-/reflect-metadata-0.1.3.tgz',
93 verbose addRemoteTarball   '64f8a41974e4f5a5aa9978dac54cfd442dc2f1d5' ]
94 silly cache afterAdd zone.js@0.5.14
95 verbose afterAdd /Users/dev/.npm/zone.js/0.5.14/package/package.json not in flight; writing
96 info retry fetch attempt 1 at 4:32:46 PM
97 info attempt registry request try #1 at 4:32:46 PM
98 http fetch GET https://registry.npmjs.org/reflect-metadata/-/reflect-metadata-0.1.3.tgz
99 verbose afterAdd /Users/dev/.npm/zone.js/0.5.14/package/package.json written
100 http 200 https://registry.npmjs.org/install
101 verbose headers { server: 'CouchDB/1.5.0 (Erlang OTP/R16B03)',
101 verbose headers   etag: '"A1ZM1KZZGCD4VCC1TADNV8GL2"',
101 verbose headers   'content-type': 'application/json',
101 verbose headers   'cache-control': 'max-age=300',
101 verbose headers   'content-length': '22510',
101 verbose headers   'accept-ranges': 'bytes',
101 verbose headers   date: 'Fri, 12 Feb 2016 16:32:46 GMT',
101 verbose headers   via: '1.1 varnish',
101 verbose headers   age: '253',
101 verbose headers   connection: 'keep-alive',
101 verbose headers   'x-served-by': 'cache-ams4139-AMS',
101 verbose headers   'x-cache': 'HIT',
101 verbose headers   'x-cache-hits': '2',
101 verbose headers   'x-timer': 'S1455294766.450663,VS0,VE0',
101 verbose headers   vary: 'Accept' }
102 silly get cb [ 200,
102 silly get   { server: 'CouchDB/1.5.0 (Erlang OTP/R16B03)',
102 silly get     etag: '"A1ZM1KZZGCD4VCC1TADNV8GL2"',
102 silly get     'content-type': 'application/json',
102 silly get     'cache-control': 'max-age=300',
102 silly get     'content-length': '22510',
102 silly get     'accept-ranges': 'bytes',
102 silly get     date: 'Fri, 12 Feb 2016 16:32:46 GMT',
102 silly get     via: '1.1 varnish',
102 silly get     age: '253',
102 silly get     connection: 'keep-alive',
102 silly get     'x-served-by': 'cache-ams4139-AMS',
102 silly get     'x-cache': 'HIT',
102 silly get     'x-cache-hits': '2',
102 silly get     'x-timer': 'S1455294766.450663,VS0,VE0',
102 silly get     vary: 'Accept' } ]
103 verbose get saving install to /Users/dev/.npm/registry.npmjs.org/install/.cache.json
104 silly addNameTag next cb for install with tag latest
105 silly addNamed install@0.4.2
106 verbose addNamed "0.4.2" is a plain semver version for install
107 silly mapToRegistry name install
108 silly mapToRegistry using default registry
109 silly mapToRegistry registry https://registry.npmjs.org/
110 silly mapToRegistry uri https://registry.npmjs.org/install
111 verbose addRemoteTarball https://registry.npmjs.org/install/-/install-0.4.2.tgz not in flight; adding
112 verbose addRemoteTarball [ 'https://registry.npmjs.org/install/-/install-0.4.2.tgz',
112 verbose addRemoteTarball   'df860e3968d1662788ae8081af7bf04e5f9eecc6' ]
113 info retry fetch attempt 1 at 4:32:46 PM
114 info attempt registry request try #1 at 4:32:46 PM
115 http fetch GET https://registry.npmjs.org/install/-/install-0.4.2.tgz
116 http fetch 200 https://registry.npmjs.org/reflect-metadata/-/reflect-metadata-0.1.3.tgz
117 http fetch 200 https://registry.npmjs.org/install/-/install-0.4.2.tgz
118 silly fetchAndShaCheck shasum 64f8a41974e4f5a5aa9978dac54cfd442dc2f1d5
119 verbose addTmpTarball /var/folders/t_/sgnp0bmx29q3r_65n0d2bnz00000gp/T/npm-25119-bdb8a9c4/registry.npmjs.org/reflect-metadata/-/reflect-metadata-0.1.3.tgz not in flight; adding
120 verbose addTmpTarball already have metadata; skipping unpack for reflect-metadata@0.1.3
121 silly cache afterAdd reflect-metadata@0.1.3
122 verbose afterAdd /Users/dev/.npm/reflect-metadata/0.1.3/package/package.json not in flight; writing
123 verbose afterAdd /Users/dev/.npm/reflect-metadata/0.1.3/package/package.json written
124 silly fetchAndShaCheck shasum df860e3968d1662788ae8081af7bf04e5f9eecc6
125 verbose addTmpTarball /var/folders/t_/sgnp0bmx29q3r_65n0d2bnz00000gp/T/npm-25119-bdb8a9c4/registry.npmjs.org/install/-/install-0.4.2.tgz not in flight; adding
126 verbose addTmpTarball already have metadata; skipping unpack for install@0.4.2
127 silly cache afterAdd install@0.4.2
128 verbose afterAdd /Users/dev/.npm/install/0.4.2/package/package.json not in flight; writing
129 verbose afterAdd /Users/dev/.npm/install/0.4.2/package/package.json written
130 silly install resolved [ { name: 'zone.js',
130 silly install resolved     version: '0.5.14',
130 silly install resolved     description: 'Zones for JavaScript',
130 silly install resolved     main: 'build/lib/zone.js',
130 silly install resolved     typings: 'build/lib/core.d.ts',
130 silly install resolved     files: [ 'lib', 'build', 'dist' ],
130 silly install resolved     directories: { lib: 'lib', test: 'test' },
130 silly install resolved     scripts:
130 silly install resolved      { tsd: 'tsd install',
130 silly install resolved        prepublish: 'npm install tsd@^0.6.5 && tsd reinstall --overwrite && tsc && gulp build',
130 silly install resolved        tsc: 'tsc',
130 silly install resolved        'tsc:w': 'tsc -w',
130 silly install resolved        test: 'karma start karma.conf.js',
130 silly install resolved        serve: 'python -m SimpleHTTPServer 8000' },
130 silly install resolved     repository: { type: 'git', url: 'git://github.com/angular/zone.js.git' },
130 silly install resolved     author: { name: 'Brian Ford' },
130 silly install resolved     license: 'MIT',
130 silly install resolved     bugs: { url: 'https://github.com/angular/zone.js/issues' },
130 silly install resolved     dependencies: { 'es6-promise': '^3.0.2' },
130 silly install resolved     devDependencies:
130 silly install resolved      { gulp: '^3.8.11',
130 silly install resolved        'gulp-util': '^3.0.7',
130 silly install resolved        'gulp-rename': '^1.2.2',
130 silly install resolved        'gulp-uglify': '^1.2.0',
130 silly install resolved        'jasmine-core': '^2.2.0',
130 silly install resolved        'karma-firefox-launcher': '^0.1.4',
130 silly install resolved        'karma-safari-launcher': '^0.1.1',
130 silly install resolved        'karma-sauce-launcher': '^0.2.10',
130 silly install resolved        karma: '^0.13.14',
130 silly install resolved        'karma-chrome-launcher': '^0.2.1',
130 silly install resolved        'karma-jasmine': '^0.3.6',
130 silly install resolved        'karma-sourcemap-loader': '^0.3.6',
130 silly install resolved        'karma-webpack': '^1.7.0',
130 silly install resolved        'ts-loader': '^0.6.0',
130 silly install resolved        tsd: '^0.6.5',
130 silly install resolved        typescript: '^1.7.3',
130 silly install resolved        webpack: '^1.12.2',
130 silly install resolved        'nodejs-websocket': '^1.2.0',
130 silly install resolved        'vinyl-buffer': '^1.0.0',
130 silly install resolved        'vinyl-source-stream': '^1.1.0' },
130 silly install resolved     gitHead: 'b5d32b30028220a4b7819bb24882922f75452ec9',
130 silly install resolved     homepage: 'https://github.com/angular/zone.js#readme',
130 silly install resolved     _id: 'zone.js@0.5.14',
130 silly install resolved     _shasum: '5590e08031ab49539e1b150ff0775092d2a44a1a',
130 silly install resolved     _from: 'zone.js@>=0.5.14 <0.6.0',
130 silly install resolved     _npmVersion: '3.7.0',
130 silly install resolved     _nodeVersion: '5.5.0',
130 silly install resolved     _npmUser: { name: 'btford', email: 'briantford@gmail.com' },
130 silly install resolved     dist:
130 silly install resolved      { shasum: '5590e08031ab49539e1b150ff0775092d2a44a1a',
130 silly install resolved        tarball: 'http://registry.npmjs.org/zone.js/-/zone.js-0.5.14.tgz' },
130 silly install resolved     maintainers: [ [Object], [Object] ],
130 silly install resolved     _npmOperationalInternal:
130 silly install resolved      { host: 'packages-5-east.internal.npmjs.com',
130 silly install resolved        tmp: 'tmp/zone.js-0.5.14.tgz_1455149552598_0.40585667197592556' },
130 silly install resolved     _resolved: 'https://registry.npmjs.org/zone.js/-/zone.js-0.5.14.tgz',
130 silly install resolved     readme: 'ERROR: No README data found!' },
130 silly install resolved   { name: 'reflect-metadata',
130 silly install resolved     version: '0.1.3',
130 silly install resolved     description: 'Polyfill for Metadata Reflection API',
130 silly install resolved     main: 'Reflect.js',
130 silly install resolved     typings: 'typings.d.ts',
130 silly install resolved     typescript: { definition: 'reflect-metadata.d.ts' },
130 silly install resolved     scripts:
130 silly install resolved      { build: 'tsc.cmd',
130 silly install resolved        'build-test': 'tsc.cmd --project ./test/',
130 silly install resolved        test: 'npm run-script build-test & node ./temp/test/run.js' },
130 silly install resolved     repository:
130 silly install resolved      { type: 'git',
130 silly install resolved        url: 'git+https://github.com/rbuckton/ReflectDecorators.git' },
130 silly install resolved     keywords: [ 'decorator', 'metadata', 'javascript', 'reflect' ],
130 silly install resolved     author:
130 silly install resolved      { name: 'Ron Buckton',
130 silly install resolved        email: 'ron.buckton@microsoft.com',
130 silly install resolved        url: 'http://github.com/rbuckton' },
130 silly install resolved     licenses: [ [Object] ],
130 silly install resolved     license: 'Apache-2.0',
130 silly install resolved     bugs: { url: 'https://github.com/rbuckton/ReflectDecorators/issues' },
130 silly install resolved     homepage: 'http://rbuckton.github.io/ReflectDecorators',
130 silly install resolved     dependencies: {},
130 silly install resolved     devDependencies: { typescript: '^1.7.5' },
130 silly install resolved     gitHead: '1affc8fcd1301caac47602e3738b057ecfd88830',
130 silly install resolved     _id: 'reflect-metadata@0.1.3',
130 silly install resolved     _shasum: '64f8a41974e4f5a5aa9978dac54cfd442dc2f1d5',
130 silly install resolved     _from: 'reflect-metadata@>=0.1.2 <0.2.0',
130 silly install resolved     _npmVersion: '3.4.0',
130 silly install resolved     _nodeVersion: '4.2.1',
130 silly install resolved     _npmUser: { name: 'rbuckton', email: 'rbuckton@chronicles.org' },
130 silly install resolved     dist:
130 silly install resolved      { shasum: '64f8a41974e4f5a5aa9978dac54cfd442dc2f1d5',
130 silly install resolved        tarball: 'http://registry.npmjs.org/reflect-metadata/-/reflect-metadata-0.1.3.tgz' },
130 silly install resolved     maintainers: [ [Object] ],
130 silly install resolved     directories: {},
130 silly install resolved     _resolved: 'https://registry.npmjs.org/reflect-metadata/-/reflect-metadata-0.1.3.tgz' },
130 silly install resolved   { author: { name: 'Ben Newman', email: 'bn@cs.stanford.edu' },
130 silly install resolved     name: 'install',
130 silly install resolved     description: 'Minimal JavaScript module loader',
130 silly install resolved     keywords:
130 silly install resolved      [ 'modules',
130 silly install resolved        'require',
130 silly install resolved        'commonjs',
130 silly install resolved        'exports',
130 silly install resolved        'browser',
130 silly install resolved        'packaging',
130 silly install resolved        'packager',
130 silly install resolved        'install' ],
130 silly install resolved     version: '0.4.2',
130 silly install resolved     license: 'MIT',
130 silly install resolved     homepage: 'http://github.com/benjamn/install',
130 silly install resolved     repository: { type: 'git', url: 'git://github.com/benjamn/install.git' },
130 silly install resolved     main: 'install.js',
130 silly install resolved     scripts:
130 silly install resolved      { prepublish: 'scripts/prepublish.sh',
130 silly install resolved        docs: 'scripts/docs.sh',
130 silly install resolved        test: 'mocha --reporter spec --full-trace test/run.js' },
130 silly install resolved     devDependencies: { docco: '^0.7.0', mocha: '^2.3.3', uglifyjs: '^2.4.10' },
130 silly install resolved     engines: { node: '>= 0.10' },
130 silly install resolved     gitHead: 'ccb5e87899bb19f4acc1cdb67ec61c52ce0262c6',
130 silly install resolved     bugs: { url: 'https://github.com/benjamn/install/issues' },
130 silly install resolved     _id: 'install@0.4.2',
130 silly install resolved     _shasum: 'df860e3968d1662788ae8081af7bf04e5f9eecc6',
130 silly install resolved     _from: 'install@latest',
130 silly install resolved     _npmVersion: '3.3.9',
130 silly install resolved     _nodeVersion: '0.10.38',
130 silly install resolved     _npmUser: { name: 'benjamn', email: 'bn@cs.stanford.edu' },
130 silly install resolved     maintainers: [ [Object] ],
130 silly install resolved     dist:
130 silly install resolved      { shasum: 'df860e3968d1662788ae8081af7bf04e5f9eecc6',
130 silly install resolved        tarball: 'http://registry.npmjs.org/install/-/install-0.4.2.tgz' },
130 silly install resolved     _npmOperationalInternal:
130 silly install resolved      { host: 'packages-5-east.internal.npmjs.com',
130 silly install resolved        tmp: 'tmp/install-0.4.2.tgz_1454518696184_0.2305709330830723' },
130 silly install resolved     directories: {},
130 silly install resolved     _resolved: 'https://registry.npmjs.org/install/-/install-0.4.2.tgz' } ]
131 info install zone.js@0.5.14 into /Users/dev/Sites/bd_2016/apps/web
132 info install reflect-metadata@0.1.3 into /Users/dev/Sites/bd_2016/apps/web
133 info install install@0.4.2 into /Users/dev/Sites/bd_2016/apps/web
134 info installOne zone.js@0.5.14
135 verbose installOne of zone.js to /Users/dev/Sites/bd_2016/apps/web not in flight; installing
136 info installOne reflect-metadata@0.1.3
137 verbose installOne of reflect-metadata to /Users/dev/Sites/bd_2016/apps/web not in flight; installing
138 info installOne install@0.4.2
139 verbose installOne of install to /Users/dev/Sites/bd_2016/apps/web not in flight; installing
140 verbose lock using /Users/dev/.npm/_locks/zone-js-acc39cada3cd528d.lock for /Users/dev/Sites/bd_2016/apps/web/node_modules/zone.js
141 verbose lock using /Users/dev/.npm/_locks/reflect-metadata-1eb62ac6a066abb2.lock for /Users/dev/Sites/bd_2016/apps/web/node_modules/reflect-metadata
142 verbose lock using /Users/dev/.npm/_locks/install-765fb63fbedca6aa.lock for /Users/dev/Sites/bd_2016/apps/web/node_modules/install
143 silly install write writing install 0.4.2 to /Users/dev/Sites/bd_2016/apps/web/node_modules/install
144 silly install write writing zone.js 0.5.14 to /Users/dev/Sites/bd_2016/apps/web/node_modules/zone.js
145 silly install write writing reflect-metadata 0.1.3 to /Users/dev/Sites/bd_2016/apps/web/node_modules/reflect-metadata
146 verbose unbuild node_modules/install
147 verbose unbuild node_modules/zone.js
148 verbose unbuild node_modules/reflect-metadata
149 silly gentlyRm /Users/dev/Sites/bd_2016/apps/web/node_modules/install is being purged from base /Users/dev/Sites/bd_2016/apps/web
150 verbose gentlyRm don't care about contents; nuking /Users/dev/Sites/bd_2016/apps/web/node_modules/install
151 verbose tar unpack /Users/dev/.npm/install/0.4.2/package.tgz
152 verbose tar unpacking to /Users/dev/Sites/bd_2016/apps/web/node_modules/install
153 silly gentlyRm /Users/dev/Sites/bd_2016/apps/web/node_modules/install is being purged
154 verbose gentlyRm don't care about contents; nuking /Users/dev/Sites/bd_2016/apps/web/node_modules/install
155 silly gunzTarPerm modes [ '755', '644' ]
156 info preuninstall reflect-metadata@0.1.2
157 info uninstall reflect-metadata@0.1.2
158 info preuninstall zone.js@0.5.14
159 verbose unbuild rmStuff reflect-metadata@0.1.2 from /Users/dev/Sites/bd_2016/apps/web/node_modules
160 info postuninstall reflect-metadata@0.1.2
161 silly gunzTarPerm extractEntry package.json
162 info uninstall zone.js@0.5.14
163 silly gentlyRm /Users/dev/Sites/bd_2016/apps/web/node_modules/reflect-metadata is being purged from base /Users/dev/Sites/bd_2016/apps/web
164 verbose gentlyRm don't care about contents; nuking /Users/dev/Sites/bd_2016/apps/web/node_modules/reflect-metadata
165 silly vacuum-fs purging /Users/dev/Sites/bd_2016/apps/web/node_modules/reflect-metadata
166 verbose unbuild rmStuff zone.js@0.5.14 from /Users/dev/Sites/bd_2016/apps/web/node_modules
167 info postuninstall zone.js@0.5.14
168 silly gunzTarPerm extractEntry .npmignore
169 silly gunzTarPerm extractEntry README.md
170 silly gentlyRm /Users/dev/Sites/bd_2016/apps/web/node_modules/zone.js is being purged from base /Users/dev/Sites/bd_2016/apps/web
171 verbose gentlyRm don't care about contents; nuking /Users/dev/Sites/bd_2016/apps/web/node_modules/zone.js
172 silly vacuum-fs purging /Users/dev/Sites/bd_2016/apps/web/node_modules/zone.js
173 silly gunzTarPerm extractEntry LICENSE
174 silly gunzTarPerm extractEntry ensure.js
175 silly gunzTarPerm extractEntry install.js
176 silly gunzTarPerm extractEntry install.min.js
177 silly vacuum-fs quitting because other entries in /Users/dev/Sites/bd_2016/apps/web/node_modules
178 verbose tar unpack /Users/dev/.npm/reflect-metadata/0.1.3/package.tgz
179 verbose tar unpacking to /Users/dev/Sites/bd_2016/apps/web/node_modules/reflect-metadata
180 silly gentlyRm /Users/dev/Sites/bd_2016/apps/web/node_modules/reflect-metadata is being purged
181 verbose gentlyRm don't care about contents; nuking /Users/dev/Sites/bd_2016/apps/web/node_modules/reflect-metadata
182 silly gunzTarPerm modes [ '755', '644' ]
183 silly vacuum-fs quitting because other entries in /Users/dev/Sites/bd_2016/apps/web/node_modules
184 verbose tar unpack /Users/dev/.npm/zone.js/0.5.14/package.tgz
185 verbose tar unpacking to /Users/dev/Sites/bd_2016/apps/web/node_modules/zone.js
186 silly gentlyRm /Users/dev/Sites/bd_2016/apps/web/node_modules/zone.js is being purged
187 verbose gentlyRm don't care about contents; nuking /Users/dev/Sites/bd_2016/apps/web/node_modules/zone.js
188 silly gunzTarPerm extractEntry .travis.yml
189 silly gunzTarPerm extractEntry docs/docco.css
190 silly gunzTarPerm modes [ '755', '644' ]
191 silly gunzTarPerm extractEntry package.json
192 silly gunzTarPerm modified mode [ 'package.json', 438, 420 ]
193 silly gunzTarPerm extractEntry .npmignore
194 silly gunzTarPerm modified mode [ '.npmignore', 438, 420 ]
195 silly gunzTarPerm extractEntry README.md
196 silly gunzTarPerm modified mode [ 'README.md', 438, 420 ]
197 silly gunzTarPerm extractEntry package.json
198 silly gunzTarPerm extractEntry docs/install.html
199 silly gunzTarPerm extractEntry docs/public/fonts/aller-bold.eot
200 silly gunzTarPerm extractEntry README.md
201 silly gunzTarPerm extractEntry LICENSE
202 silly gunzTarPerm extractEntry LICENSE
203 silly gunzTarPerm modified mode [ 'LICENSE', 438, 420 ]
204 silly gunzTarPerm extractEntry Reflect.js
205 silly gunzTarPerm modified mode [ 'Reflect.js', 438, 420 ]
206 silly gunzTarPerm extractEntry docs/public/fonts/aller-bold.ttf
207 silly gunzTarPerm extractEntry build/lib/core.js
208 silly gunzTarPerm extractEntry build/lib/keys.js
209 silly gunzTarPerm extractEntry docs/public/fonts/aller-bold.woff
210 silly gunzTarPerm extractEntry Reflect.js.map
211 silly gunzTarPerm modified mode [ 'Reflect.js.map', 438, 420 ]
212 silly gunzTarPerm extractEntry Reflect.ts
213 silly gunzTarPerm modified mode [ 'Reflect.ts', 438, 420 ]
214 silly gunzTarPerm extractEntry docs/public/fonts/aller-light.eot
215 silly gunzTarPerm extractEntry docs/public/fonts/aller-light.ttf
216 silly gunzTarPerm extractEntry build/lib/microtask.js
217 silly gunzTarPerm extractEntry build/lib/utils.js
218 silly gunzTarPerm extractEntry bower.json
219 silly gunzTarPerm modified mode [ 'bower.json', 438, 420 ]
220 silly gunzTarPerm extractEntry CopyrightNotice.txt
221 silly gunzTarPerm modified mode [ 'CopyrightNotice.txt', 438, 420 ]
222 silly gunzTarPerm extractEntry docs/public/fonts/aller-light.woff
223 silly gunzTarPerm extractEntry build/lib/wtf.js
224 silly gunzTarPerm extractEntry build/lib/zone.js
225 silly gunzTarPerm extractEntry build/lib/patch/websocket.js
226 silly gunzTarPerm extractEntry build/lib/patch/register-element.js
227 silly gunzTarPerm extractEntry typings.d.ts
228 silly gunzTarPerm modified mode [ 'typings.d.ts', 438, 420 ]
229 silly gunzTarPerm extractEntry reflect-metadata.d.ts
230 silly gunzTarPerm modified mode [ 'reflect-metadata.d.ts', 438, 420 ]
231 silly gunzTarPerm extractEntry spec/biblio.json
232 silly gunzTarPerm modified mode [ 'spec/biblio.json', 438, 420 ]
233 silly gunzTarPerm extractEntry spec/css/elements.css
234 silly gunzTarPerm modified mode [ 'spec/css/elements.css', 438, 420 ]
235 silly gunzTarPerm extractEntry docs/public/fonts/roboto-black.eot
236 silly gunzTarPerm extractEntry spec/index-out.html
237 silly gunzTarPerm modified mode [ 'spec/index-out.html', 438, 420 ]
238 silly gunzTarPerm extractEntry build/lib/patch/define-property.js
239 silly gunzTarPerm extractEntry build/lib/patch/property-descriptor.js
240 silly gunzTarPerm extractEntry spec/index.html
241 silly gunzTarPerm modified mode [ 'spec/index.html', 438, 420 ]
242 silly gunzTarPerm extractEntry spec/typescript-out.html
243 silly gunzTarPerm modified mode [ 'spec/typescript-out.html', 438, 420 ]
244 silly gunzTarPerm extractEntry docs/public/fonts/roboto-black.ttf
245 silly gunzTarPerm extractEntry docs/public/fonts/roboto-black.woff
246 silly gunzTarPerm extractEntry spec/typescript.html
247 silly gunzTarPerm modified mode [ 'spec/typescript.html', 438, 420 ]
248 silly gunzTarPerm extractEntry docs/public/stylesheets/normalize.css
249 silly gunzTarPerm extractEntry build/lib/patch/event-target.js
250 silly gunzTarPerm extractEntry build/lib/patch/promise.js
251 silly gunzTarPerm extractEntry temp/Reflect.js
252 silly gunzTarPerm modified mode [ 'temp/Reflect.js', 438, 420 ]
253 silly gunzTarPerm extractEntry temp/Reflect.js.map
254 silly gunzTarPerm modified mode [ 'temp/Reflect.js.map', 438, 420 ]
255 silly gunzTarPerm extractEntry temp/test/harness.js
256 silly gunzTarPerm modified mode [ 'temp/test/harness.js', 438, 420 ]
257 silly gunzTarPerm extractEntry scripts/docs.sh
258 silly gunzTarPerm extractEntry scripts/prepublish.sh
259 silly gunzTarPerm extractEntry temp/test/run.js
260 silly gunzTarPerm modified mode [ 'temp/test/run.js', 438, 420 ]
261 silly gunzTarPerm extractEntry temp/test/spec.js
262 silly gunzTarPerm modified mode [ 'temp/test/spec.js', 438, 420 ]
263 silly gunzTarPerm extractEntry temp/test/harness.js.map
264 silly gunzTarPerm modified mode [ 'temp/test/harness.js.map', 438, 420 ]
265 silly gunzTarPerm extractEntry build/lib/patch/file-reader.js
266 silly gunzTarPerm extractEntry build/lib/patch/mutation-observer.js
267 silly gunzTarPerm extractEntry build/lib/patch/functions.js
268 silly gunzTarPerm extractEntry build/lib/patch/browser.js
269 silly gunzTarPerm extractEntry temp/test/reflect/reflect-decorate.js
270 silly gunzTarPerm modified mode [ 'temp/test/reflect/reflect-decorate.js', 438, 420 ]
271 silly gunzTarPerm extractEntry temp/test/reflect/reflect-definemetadata.js
272 silly gunzTarPerm modified mode [ 'temp/test/reflect/reflect-definemetadata.js', 438, 420 ]
273 silly gunzTarPerm extractEntry build/lib/patch/geolocation.js
274 silly gunzTarPerm extractEntry build/lib/patch/property-descriptor.d.ts
275 silly gunzTarPerm extractEntry temp/test/reflect/reflect-metadata.js
276 silly gunzTarPerm modified mode [ 'temp/test/reflect/reflect-metadata.js', 438, 420 ]
277 silly gunzTarPerm extractEntry temp/test/reflect/reflect-deletemetadata.js
278 silly gunzTarPerm modified mode [ 'temp/test/reflect/reflect-deletemetadata.js', 438, 420 ]
279 silly gunzTarPerm extractEntry build/lib/patch/geolocation.d.ts
280 silly gunzTarPerm extractEntry build/lib/patch/functions.d.ts
281 silly gunzTarPerm extractEntry build/lib/patch/promise.d.ts
282 silly gunzTarPerm extractEntry build/lib/patch/file-reader.d.ts
283 silly gunzTarPerm extractEntry temp/test/reflect/reflect-hasownmetadata.js
284 silly gunzTarPerm modified mode [ 'temp/test/reflect/reflect-hasownmetadata.js', 438, 420 ]
285 silly gunzTarPerm extractEntry temp/test/reflect/reflect-getmetadata.js
286 silly gunzTarPerm modified mode [ 'temp/test/reflect/reflect-getmetadata.js', 438, 420 ]
287 silly gunzTarPerm extractEntry temp/test/reflect/reflect-hasmetadata.js
288 silly gunzTarPerm modified mode [ 'temp/test/reflect/reflect-hasmetadata.js', 438, 420 ]
289 silly gunzTarPerm extractEntry temp/test/reflect/reflect-getmetadatakeys.js
290 silly gunzTarPerm modified mode [ 'temp/test/reflect/reflect-getmetadatakeys.js', 438, 420 ]
291 silly gunzTarPerm extractEntry temp/test/reflect/reflect-getownmetadatakeys.js
292 silly gunzTarPerm modified mode [ 'temp/test/reflect/reflect-getownmetadatakeys.js', 438, 420 ]
293 silly gunzTarPerm extractEntry build/lib/patch/mutation-observer.d.ts
294 silly gunzTarPerm extractEntry build/lib/patch/event-target.d.ts
295 silly gunzTarPerm extractEntry temp/test/reflect/reflect-getownmetadata.js
296 silly gunzTarPerm modified mode [ 'temp/test/reflect/reflect-getownmetadata.js', 438, 420 ]
297 silly gunzTarPerm extractEntry build/lib/patch/register-element.d.ts
298 silly gunzTarPerm extractEntry build/lib/patch/define-property.d.ts
299 silly gunzTarPerm extractEntry temp/test/reflect/reflect-decorate.js.map
300 silly gunzTarPerm modified mode [ 'temp/test/reflect/reflect-decorate.js.map', 438, 420 ]
301 silly gunzTarPerm extractEntry temp/test/reflect/reflect-getownmetadata.js.map
302 silly gunzTarPerm modified mode [ 'temp/test/reflect/reflect-getownmetadata.js.map', 438, 420 ]
303 silly gunzTarPerm extractEntry build/lib/patch/websocket.d.ts
304 silly gunzTarPerm extractEntry build/lib/patch/browser.d.ts
305 silly gunzTarPerm extractEntry temp/test/reflect/reflect-getmetadatakeys.js.map
306 silly gunzTarPerm modified mode [ 'temp/test/reflect/reflect-getmetadatakeys.js.map', 438, 420 ]
307 silly gunzTarPerm extractEntry temp/test/reflect/reflect-getownmetadatakeys.js.map
308 silly gunzTarPerm modified mode [ 'temp/test/reflect/reflect-getownmetadatakeys.js.map',
308 silly gunzTarPerm   438,
308 silly gunzTarPerm   420 ]
309 silly gunzTarPerm extractEntry build/lib/jasmine/patch.js
310 silly gunzTarPerm extractEntry build/lib/jasmine/patch.d.ts
311 silly gunzTarPerm extractEntry temp/test/reflect/reflect-getmetadata.js.map
312 silly gunzTarPerm modified mode [ 'temp/test/reflect/reflect-getmetadata.js.map', 438, 420 ]
313 silly gunzTarPerm extractEntry temp/test/reflect/reflect-hasmetadata.js.map
314 silly gunzTarPerm modified mode [ 'temp/test/reflect/reflect-hasmetadata.js.map', 438, 420 ]
315 silly gunzTarPerm extractEntry temp/test/reflect/reflect-deletemetadata.js.map
316 silly gunzTarPerm modified mode [ 'temp/test/reflect/reflect-deletemetadata.js.map', 438, 420 ]
317 silly gunzTarPerm extractEntry temp/test/reflect/reflect-hasownmetadata.js.map
318 silly gunzTarPerm modified mode [ 'temp/test/reflect/reflect-hasownmetadata.js.map', 438, 420 ]
319 silly gunzTarPerm extractEntry temp/test/reflect/reflect-definemetadata.js.map
320 silly gunzTarPerm modified mode [ 'temp/test/reflect/reflect-definemetadata.js.map', 438, 420 ]
321 silly gunzTarPerm extractEntry temp/test/reflect/reflect-metadata.js.map
322 silly gunzTarPerm modified mode [ 'temp/test/reflect/reflect-metadata.js.map', 438, 420 ]
323 silly gunzTarPerm extractEntry build/lib/core.d.ts
324 silly gunzTarPerm extractEntry build/lib/utils.d.ts
325 silly gunzTarPerm extractEntry build/lib/keys.d.ts
326 silly gunzTarPerm extractEntry build/lib/wtf.d.ts
327 silly gunzTarPerm extractEntry temp/test/run.js.map
328 silly gunzTarPerm modified mode [ 'temp/test/run.js.map', 438, 420 ]
329 silly gunzTarPerm extractEntry temp/test/spec.js.map
330 silly gunzTarPerm modified mode [ 'temp/test/spec.js.map', 438, 420 ]
331 silly gunzTarPerm extractEntry test/harness.ts
332 silly gunzTarPerm modified mode [ 'test/harness.ts', 438, 420 ]
333 silly gunzTarPerm extractEntry test/reflect/reflect-decorate.ts
334 silly gunzTarPerm modified mode [ 'test/reflect/reflect-decorate.ts', 438, 420 ]
335 silly gunzTarPerm extractEntry test/reflect/reflect-definemetadata.ts
336 silly gunzTarPerm modified mode [ 'test/reflect/reflect-definemetadata.ts', 438, 420 ]
337 silly gunzTarPerm extractEntry build/lib/browser/jasmine-patch.js
338 silly gunzTarPerm extractEntry build/lib/browser/long-stack-trace-zone.js
339 silly gunzTarPerm extractEntry test/reflect/reflect-deletemetadata.ts
340 silly gunzTarPerm modified mode [ 'test/reflect/reflect-deletemetadata.ts', 438, 420 ]
341 silly gunzTarPerm extractEntry test/reflect/reflect-getmetadata.ts
342 silly gunzTarPerm modified mode [ 'test/reflect/reflect-getmetadata.ts', 438, 420 ]
343 silly gunzTarPerm extractEntry test/reflect/reflect-getmetadatakeys.ts
344 silly gunzTarPerm modified mode [ 'test/reflect/reflect-getmetadatakeys.ts', 438, 420 ]
345 silly gunzTarPerm extractEntry test/reflect/reflect-getownmetadata.ts
346 silly gunzTarPerm modified mode [ 'test/reflect/reflect-getownmetadata.ts', 438, 420 ]
347 silly gunzTarPerm extractEntry test/reflect/reflect-getownmetadatakeys.ts
348 silly gunzTarPerm modified mode [ 'test/reflect/reflect-getownmetadatakeys.ts', 438, 420 ]
349 silly gunzTarPerm extractEntry build/lib/browser/zone-microtask.js
350 silly gunzTarPerm extractEntry build/lib/browser/zone.js
351 silly gunzTarPerm extractEntry test/reflect/reflect-hasmetadata.ts
352 silly gunzTarPerm modified mode [ 'test/reflect/reflect-hasmetadata.ts', 438, 420 ]
353 silly gunzTarPerm extractEntry test/reflect/reflect-hasownmetadata.ts
354 silly gunzTarPerm modified mode [ 'test/reflect/reflect-hasownmetadata.ts', 438, 420 ]
355 silly gunzTarPerm extractEntry build/lib/browser/jasmine-patch.d.ts
356 silly gunzTarPerm extractEntry build/lib/browser/long-stack-trace-zone.d.ts
357 silly gunzTarPerm extractEntry test/reflect/reflect-metadata.ts
358 silly gunzTarPerm modified mode [ 'test/reflect/reflect-metadata.ts', 438, 420 ]
359 silly gunzTarPerm extractEntry build/lib/browser/zone-microtask.d.ts
360 silly gunzTarPerm extractEntry build/lib/browser/zone.d.ts
361 silly gunzTarPerm extractEntry test/run.ts
362 silly gunzTarPerm modified mode [ 'test/run.ts', 438, 420 ]
363 silly gunzTarPerm extractEntry test/spec.ts
364 silly gunzTarPerm modified mode [ 'test/spec.ts', 438, 420 ]
365 silly gunzTarPerm extractEntry test/tsconfig.json
366 silly gunzTarPerm modified mode [ 'test/tsconfig.json', 438, 420 ]
367 silly gunzTarPerm extractEntry tsconfig.json
368 silly gunzTarPerm modified mode [ 'tsconfig.json', 438, 420 ]
369 silly gunzTarPerm extractEntry typings/node.d.ts
370 silly gunzTarPerm modified mode [ 'typings/node.d.ts', 438, 420 ]
371 silly gunzTarPerm extractEntry build/lib/zone.d.ts
372 silly gunzTarPerm extractEntry build/lib/microtask.d.ts
373 verbose write writing to /Users/dev/Sites/bd_2016/apps/web/node_modules/install/package.json
374 silly gunzTarPerm extractEntry build/lib/zones/long-stack-trace.js
375 silly gunzTarPerm extractEntry build/lib/zones/long-stack-trace.d.ts
376 info preinstall install@0.4.2
377 verbose readDependencies loading dependencies from /Users/dev/Sites/bd_2016/apps/web/node_modules/install/package.json
378 silly gunzTarPerm extractEntry build/test/zone.spec.js
379 silly gunzTarPerm extractEntry build/test/wtf_mock.js
380 silly gunzTarPerm extractEntry build/test/browser_entry_point_with_microtask.js
381 silly gunzTarPerm extractEntry build/test/util.spec.js
382 verbose readDependencies loading dependencies from /Users/dev/Sites/bd_2016/apps/web/node_modules/install/package.json
383 silly gunzTarPerm extractEntry build/test/commonjs.spec.js
384 silly gunzTarPerm extractEntry build/test/util.js
385 silly install resolved []
386 verbose about to build /Users/dev/Sites/bd_2016/apps/web/node_modules/install
387 info build /Users/dev/Sites/bd_2016/apps/web/node_modules/install
388 silly gunzTarPerm extractEntry build/test/counting-zone.js
389 silly gunzTarPerm extractEntry build/test/test-env-setup.js
390 info linkStuff install@0.4.2
391 silly linkStuff install@0.4.2 has /Users/dev/Sites/bd_2016/apps/web/node_modules as its parent node_modules
392 verbose linkBins install@0.4.2
393 verbose linkMans install@0.4.2
394 verbose rebuildBundles install@0.4.2
395 silly gunzTarPerm extractEntry build/test/browser_entry_point.js
396 silly gunzTarPerm extractEntry build/test/long-stack-trace-zone.spec.js
397 info install install@0.4.2
398 info postinstall install@0.4.2
399 verbose unlock done using /Users/dev/.npm/_locks/install-765fb63fbedca6aa.lock for /Users/dev/Sites/bd_2016/apps/web/node_modules/install
400 silly gunzTarPerm extractEntry build/test/microtasks.spec.js
401 silly gunzTarPerm extractEntry build/test/counting-zone.d.ts
402 silly gunzTarPerm extractEntry build/test/microtasks.spec.d.ts
403 silly gunzTarPerm extractEntry build/test/patch/setTimeout.spec.js
404 silly gunzTarPerm extractEntry build/test/patch/MutationObserver.spec.js
405 silly gunzTarPerm extractEntry build/test/patch/Promise.spec.js
406 silly gunzTarPerm extractEntry build/test/patch/WebSocket.spec.js
407 silly gunzTarPerm extractEntry build/test/patch/XMLHttpRequest.spec.js
408 silly gunzTarPerm extractEntry build/test/patch/HTMLImports.spec.js
409 silly gunzTarPerm extractEntry build/test/patch/element.spec.js
410 silly gunzTarPerm extractEntry build/test/patch/geolocation.spec.manual.js
411 silly gunzTarPerm extractEntry build/test/patch/registerElement.spec.js
412 silly gunzTarPerm extractEntry build/test/patch/requestAnimationFrame.spec.js
413 silly gunzTarPerm extractEntry build/test/patch/setInterval.spec.js
414 silly gunzTarPerm extractEntry build/test/patch/FileReader.spec.js
415 silly gunzTarPerm extractEntry build/test/patch/Promise.spec.d.ts
416 silly gunzTarPerm extractEntry build/test/patch/FileReader.spec.d.ts
417 silly gunzTarPerm extractEntry build/test/patch/geolocation.spec.manual.d.ts
418 silly gunzTarPerm extractEntry build/test/patch/WebSocket.spec.d.ts
419 silly gunzTarPerm extractEntry build/test/patch/registerElement.spec.d.ts
420 silly gunzTarPerm extractEntry build/test/patch/MutationObserver.spec.d.ts
421 silly gunzTarPerm extractEntry build/test/patch/requestAnimationFrame.spec.d.ts
422 silly gunzTarPerm extractEntry build/test/patch/XMLHttpRequest.spec.d.ts
423 silly gunzTarPerm extractEntry build/test/patch/setInterval.spec.d.ts
424 silly gunzTarPerm extractEntry build/test/patch/HTMLImports.spec.d.ts
425 silly gunzTarPerm extractEntry build/test/patch/setTimeout.spec.d.ts
426 silly gunzTarPerm extractEntry build/test/patch/element.spec.d.ts
427 silly gunzTarPerm extractEntry build/test/test-env-setup.d.ts
428 silly gunzTarPerm extractEntry build/test/integration/brick.spec.js
429 silly gunzTarPerm extractEntry build/test/integration/brick.spec.d.ts
430 silly gunzTarPerm extractEntry build/test/util.d.ts
431 silly gunzTarPerm extractEntry build/test/long-stack-trace-zone.spec.d.ts
432 silly gunzTarPerm extractEntry build/test/util.spec.d.ts
433 silly gunzTarPerm extractEntry build/test/commonjs.spec.d.ts
434 silly gunzTarPerm extractEntry build/test/wtf_mock.d.ts
435 silly gunzTarPerm extractEntry build/test/browser_entry_point_with_microtask.d.ts
436 silly gunzTarPerm extractEntry build/test/zone.spec.d.ts
437 silly gunzTarPerm extractEntry build/test/browser_entry_point.d.ts
438 silly gunzTarPerm extractEntry dist/jasmine-patch.js
439 silly gunzTarPerm extractEntry dist/jasmine-patch.min.js
440 silly gunzTarPerm extractEntry dist/long-stack-trace-zone.js
441 silly gunzTarPerm extractEntry dist/long-stack-trace-zone.min.js
442 silly gunzTarPerm extractEntry dist/zone-microtask.js
443 silly gunzTarPerm extractEntry dist/zone-microtask.min.js
444 silly gunzTarPerm extractEntry dist/zone.js
445 silly gunzTarPerm extractEntry dist/zone.min.js
446 silly gunzTarPerm extractEntry lib/browser/jasmine-patch.ts
447 silly gunzTarPerm extractEntry lib/browser/long-stack-trace-zone.ts
448 silly gunzTarPerm extractEntry lib/browser/zone-microtask.ts
449 silly gunzTarPerm extractEntry lib/browser/zone.ts
450 silly gunzTarPerm extractEntry lib/core.ts
451 silly gunzTarPerm extractEntry lib/jasmine/patch.ts
452 silly gunzTarPerm extractEntry lib/keys.ts
453 silly gunzTarPerm extractEntry lib/microtask.ts
454 silly gunzTarPerm extractEntry lib/patch/geolocation.ts
455 silly gunzTarPerm extractEntry lib/patch/browser.ts
456 silly gunzTarPerm extractEntry lib/patch/event-target.ts
457 silly gunzTarPerm extractEntry lib/patch/file-reader.ts
458 silly gunzTarPerm extractEntry lib/patch/functions.ts
459 silly gunzTarPerm extractEntry lib/patch/define-property.ts
460 silly gunzTarPerm extractEntry lib/patch/mutation-observer.ts
461 silly gunzTarPerm extractEntry lib/patch/promise.ts
462 silly gunzTarPerm extractEntry lib/patch/property-descriptor.ts
463 silly gunzTarPerm extractEntry lib/patch/register-element.ts
464 silly gunzTarPerm extractEntry lib/patch/websocket.ts
465 silly gunzTarPerm extractEntry lib/utils.ts
466 silly gunzTarPerm extractEntry lib/wtf.ts
467 silly gunzTarPerm extractEntry lib/zone.ts
468 silly gunzTarPerm extractEntry lib/zones/long-stack-trace.ts
469 verbose write writing to /Users/dev/Sites/bd_2016/apps/web/node_modules/reflect-metadata/package.json
470 info preinstall reflect-metadata@0.1.3
471 verbose readDependencies loading dependencies from /Users/dev/Sites/bd_2016/apps/web/node_modules/reflect-metadata/package.json
472 verbose readDependencies loading dependencies from /Users/dev/Sites/bd_2016/apps/web/node_modules/reflect-metadata/package.json
473 silly install resolved []
474 verbose about to build /Users/dev/Sites/bd_2016/apps/web/node_modules/reflect-metadata
475 info build /Users/dev/Sites/bd_2016/apps/web/node_modules/reflect-metadata
476 info linkStuff reflect-metadata@0.1.3
477 silly linkStuff reflect-metadata@0.1.3 has /Users/dev/Sites/bd_2016/apps/web/node_modules as its parent node_modules
478 verbose linkBins reflect-metadata@0.1.3
479 verbose linkMans reflect-metadata@0.1.3
480 verbose rebuildBundles reflect-metadata@0.1.3
481 info install reflect-metadata@0.1.3
482 info postinstall reflect-metadata@0.1.3
483 verbose unlock done using /Users/dev/.npm/_locks/reflect-metadata-1eb62ac6a066abb2.lock for /Users/dev/Sites/bd_2016/apps/web/node_modules/reflect-metadata
484 verbose write writing to /Users/dev/Sites/bd_2016/apps/web/node_modules/zone.js/package.json
485 info preinstall zone.js@0.5.14
486 verbose readDependencies loading dependencies from /Users/dev/Sites/bd_2016/apps/web/node_modules/zone.js/package.json
487 verbose readDependencies loading dependencies from /Users/dev/Sites/bd_2016/apps/web/node_modules/zone.js/package.json
488 silly install resolved []
489 verbose about to build /Users/dev/Sites/bd_2016/apps/web/node_modules/zone.js
490 info build /Users/dev/Sites/bd_2016/apps/web/node_modules/zone.js
491 info linkStuff zone.js@0.5.14
492 silly linkStuff zone.js@0.5.14 has /Users/dev/Sites/bd_2016/apps/web/node_modules as its parent node_modules
493 verbose linkBins zone.js@0.5.14
494 verbose linkMans zone.js@0.5.14
495 verbose rebuildBundles zone.js@0.5.14
496 info install zone.js@0.5.14
497 info postinstall zone.js@0.5.14
498 verbose unlock done using /Users/dev/.npm/_locks/zone-js-acc39cada3cd528d.lock for /Users/dev/Sites/bd_2016/apps/web/node_modules/zone.js
499 verbose validateInstall loading /Users/dev/Sites/bd_2016/apps/web/package.json for validation
500 verbose stack Error: The package reflect-metadata@0.1.3 does not satisfy its siblings' peerDependencies requirements!
500 verbose stack     at /Users/dev/.nvm/versions/node/v5.3.0/lib/node_modules/npm/lib/install.js:125:32
500 verbose stack     at /Users/dev/.nvm/versions/node/v5.3.0/lib/node_modules/npm/lib/install.js:268:7
500 verbose stack     at /Users/dev/.nvm/versions/node/v5.3.0/lib/node_modules/npm/node_modules/read-installed/read-installed.js:142:5
500 verbose stack     at /Users/dev/.nvm/versions/node/v5.3.0/lib/node_modules/npm/node_modules/read-installed/read-installed.js:263:14
500 verbose stack     at cb (/Users/dev/.nvm/versions/node/v5.3.0/lib/node_modules/npm/node_modules/slide/lib/async-map.js:47:24)
500 verbose stack     at /Users/dev/.nvm/versions/node/v5.3.0/lib/node_modules/npm/node_modules/read-installed/read-installed.js:263:14
500 verbose stack     at cb (/Users/dev/.nvm/versions/node/v5.3.0/lib/node_modules/npm/node_modules/slide/lib/async-map.js:47:24)
500 verbose stack     at /Users/dev/.nvm/versions/node/v5.3.0/lib/node_modules/npm/node_modules/read-installed/read-installed.js:263:14
500 verbose stack     at cb (/Users/dev/.nvm/versions/node/v5.3.0/lib/node_modules/npm/node_modules/slide/lib/async-map.js:47:24)
500 verbose stack     at /Users/dev/.nvm/versions/node/v5.3.0/lib/node_modules/npm/node_modules/read-installed/read-installed.js:263:14
501 verbose cwd /Users/dev/Sites/bd_2016/apps/web
502 error Darwin 15.3.0
503 error argv "/Users/dev/.nvm/versions/node/v5.3.0/bin/node" "/Users/dev/.nvm/versions/node/v5.3.0/bin/npm" "install" "install" "reflect-metadata" "zone.js" "--save"
504 error node v5.3.0
505 error npm  v2.14.15
506 error code EPEERINVALID
507 error peerinvalid The package reflect-metadata@0.1.3 does not satisfy its siblings' peerDependencies requirements!
507 error peerinvalid Peer angular2@2.0.0-beta.6 wants reflect-metadata@0.1.2
508 verbose exit [ 1, true ]
